<?xml version="1.0" encoding="UTF-8"?>
<!-- Generated by org.testng.reporters.JUnitReportReporter -->
<testsuite skipped="0" hostname="TL0017" name="testcase.VerifyLogin" tests="2" failures="0" timestamp="2022-05-11T18:48:23 IST" time="95.231" errors="0">
  <testcase name="runLogin" time="61.121" classname="testcase.VerifyLogin"/>
  <system-out/>
  <testcase name="runLogin" time="34.110" classname="testcase.VerifyLogin"/>
  <system-out/>
</testsuite> <!-- testcase.VerifyLogin -->
